<?xml version="1.0" encoding="UTF-8"?>
<testsuite xmlns:xsi="http://www.w3.org/2001/XMLSchema-instance" xsi:noNamespaceSchemaLocation="https://maven.apache.org/surefire/maven-surefire-plugin/xsd/surefire-test-report.xsd" name="com.yupi.usercenter.service.UserServiceTest" time="6.495" tests="3" errors="1" skipped="0" failures="0">
  <properties>
    <property name="sun.desktop" value="windows"/>
    <property name="awt.toolkit" value="sun.awt.windows.WToolkit"/>
    <property name="file.encoding.pkg" value="sun.io"/>
    <property name="java.specification.version" value="1.8"/>
    <property name="sun.cpu.isalist" value="amd64"/>
    <property name="sun.jnu.encoding" value="GBK"/>
    <property name="java.class.path" value="D:\jdk8\user_center_backend\user_center\target\test-classes;D:\jdk8\user_center_backend\user_center\target\classes;D:\mavenJar\org\springframework\boot\spring-boot-starter-web\2.5.0\spring-boot-starter-web-2.5.0.jar;D:\mavenJar\org\springframework\boot\spring-boot-starter\2.5.0\spring-boot-starter-2.5.0.jar;D:\mavenJar\org\springframework\boot\spring-boot\2.5.0\spring-boot-2.5.0.jar;D:\mavenJar\org\springframework\boot\spring-boot-starter-logging\2.5.0\spring-boot-starter-logging-2.5.0.jar;D:\mavenJar\ch\qos\logback\logback-classic\1.2.3\logback-classic-1.2.3.jar;D:\mavenJar\ch\qos\logback\logback-core\1.2.3\logback-core-1.2.3.jar;D:\mavenJar\org\apache\logging\log4j\log4j-to-slf4j\2.14.1\log4j-to-slf4j-2.14.1.jar;D:\mavenJar\org\apache\logging\log4j\log4j-api\2.14.1\log4j-api-2.14.1.jar;D:\mavenJar\org\slf4j\jul-to-slf4j\1.7.30\jul-to-slf4j-1.7.30.jar;D:\mavenJar\jakarta\annotation\jakarta.annotation-api\1.3.5\jakarta.annotation-api-1.3.5.jar;D:\mavenJar\org\yaml\snakeyaml\1.28\snakeyaml-1.28.jar;D:\mavenJar\org\springframework\boot\spring-boot-starter-json\2.5.0\spring-boot-starter-json-2.5.0.jar;D:\mavenJar\com\fasterxml\jackson\core\jackson-databind\2.12.3\jackson-databind-2.12.3.jar;D:\mavenJar\com\fasterxml\jackson\core\jackson-annotations\2.12.3\jackson-annotations-2.12.3.jar;D:\mavenJar\com\fasterxml\jackson\core\jackson-core\2.12.3\jackson-core-2.12.3.jar;D:\mavenJar\com\fasterxml\jackson\datatype\jackson-datatype-jdk8\2.12.3\jackson-datatype-jdk8-2.12.3.jar;D:\mavenJar\com\fasterxml\jackson\datatype\jackson-datatype-jsr310\2.12.3\jackson-datatype-jsr310-2.12.3.jar;D:\mavenJar\com\fasterxml\jackson\module\jackson-module-parameter-names\2.12.3\jackson-module-parameter-names-2.12.3.jar;D:\mavenJar\org\springframework\boot\spring-boot-starter-tomcat\2.5.0\spring-boot-starter-tomcat-2.5.0.jar;D:\mavenJar\org\apache\tomcat\embed\tomcat-embed-core\9.0.46\tomcat-embed-core-9.0.46.jar;D:\mavenJar\org\apache\tomcat\embed\tomcat-embed-el\9.0.46\tomcat-embed-el-9.0.46.jar;D:\mavenJar\org\apache\tomcat\embed\tomcat-embed-websocket\9.0.46\tomcat-embed-websocket-9.0.46.jar;D:\mavenJar\org\springframework\spring-web\5.3.7\spring-web-5.3.7.jar;D:\mavenJar\org\springframework\spring-beans\5.3.7\spring-beans-5.3.7.jar;D:\mavenJar\org\springframework\spring-webmvc\5.3.7\spring-webmvc-5.3.7.jar;D:\mavenJar\org\springframework\spring-aop\5.3.7\spring-aop-5.3.7.jar;D:\mavenJar\org\springframework\spring-context\5.3.7\spring-context-5.3.7.jar;D:\mavenJar\org\springframework\spring-expression\5.3.7\spring-expression-5.3.7.jar;D:\mavenJar\org\mybatis\spring\boot\mybatis-spring-boot-starter\2.2.2\mybatis-spring-boot-starter-2.2.2.jar;D:\mavenJar\org\springframework\boot\spring-boot-starter-jdbc\2.5.0\spring-boot-starter-jdbc-2.5.0.jar;D:\mavenJar\com\zaxxer\HikariCP\4.0.3\HikariCP-4.0.3.jar;D:\mavenJar\org\springframework\spring-jdbc\5.3.7\spring-jdbc-5.3.7.jar;D:\mavenJar\org\springframework\spring-tx\5.3.7\spring-tx-5.3.7.jar;D:\mavenJar\org\mybatis\spring\boot\mybatis-spring-boot-autoconfigure\2.2.2\mybatis-spring-boot-autoconfigure-2.2.2.jar;D:\mavenJar\org\mybatis\mybatis\3.5.9\mybatis-3.5.9.jar;D:\mavenJar\org\mybatis\mybatis-spring\2.0.7\mybatis-spring-2.0.7.jar;D:\mavenJar\mysql\mysql-connector-java\8.0.25\mysql-connector-java-8.0.25.jar;D:\mavenJar\org\projectlombok\lombok\1.18.20\lombok-1.18.20.jar;D:\mavenJar\com\baomidou\mybatis-plus-boot-starter\3.5.2\mybatis-plus-boot-starter-3.5.2.jar;D:\mavenJar\com\baomidou\mybatis-plus\3.5.2\mybatis-plus-3.5.2.jar;D:\mavenJar\com\baomidou\mybatis-plus-extension\3.5.2\mybatis-plus-extension-3.5.2.jar;D:\mavenJar\com\baomidou\mybatis-plus-core\3.5.2\mybatis-plus-core-3.5.2.jar;D:\mavenJar\com\baomidou\mybatis-plus-annotation\3.5.2\mybatis-plus-annotation-3.5.2.jar;D:\mavenJar\com\github\jsqlparser\jsqlparser\4.4\jsqlparser-4.4.jar;D:\mavenJar\org\jetbrains\kotlin\kotlin-stdlib-jdk8\1.5.0\kotlin-stdlib-jdk8-1.5.0.jar;D:\mavenJar\org\jetbrains\kotlin\kotlin-stdlib\1.5.0\kotlin-stdlib-1.5.0.jar;D:\mavenJar\org\jetbrains\annotations\13.0\annotations-13.0.jar;D:\mavenJar\org\jetbrains\kotlin\kotlin-stdlib-common\1.5.0\kotlin-stdlib-common-1.5.0.jar;D:\mavenJar\org\jetbrains\kotlin\kotlin-stdlib-jdk7\1.5.0\kotlin-stdlib-jdk7-1.5.0.jar;D:\mavenJar\org\springframework\boot\spring-boot-autoconfigure\2.5.0\spring-boot-autoconfigure-2.5.0.jar;D:\mavenJar\org\springframework\boot\spring-boot-starter-test\2.5.0\spring-boot-starter-test-2.5.0.jar;D:\mavenJar\org\springframework\boot\spring-boot-test\2.5.0\spring-boot-test-2.5.0.jar;D:\mavenJar\org\springframework\boot\spring-boot-test-autoconfigure\2.5.0\spring-boot-test-autoconfigure-2.5.0.jar;D:\mavenJar\com\jayway\jsonpath\json-path\2.5.0\json-path-2.5.0.jar;D:\mavenJar\net\minidev\json-smart\2.4.7\json-smart-2.4.7.jar;D:\mavenJar\net\minidev\accessors-smart\2.4.7\accessors-smart-2.4.7.jar;D:\mavenJar\org\ow2\asm\asm\9.1\asm-9.1.jar;D:\mavenJar\org\slf4j\slf4j-api\1.7.30\slf4j-api-1.7.30.jar;D:\mavenJar\jakarta\xml\bind\jakarta.xml.bind-api\2.3.3\jakarta.xml.bind-api-2.3.3.jar;D:\mavenJar\jakarta\activation\jakarta.activation-api\1.2.2\jakarta.activation-api-1.2.2.jar;D:\mavenJar\org\assertj\assertj-core\3.19.0\assertj-core-3.19.0.jar;D:\mavenJar\org\hamcrest\hamcrest\2.2\hamcrest-2.2.jar;D:\mavenJar\org\junit\jupiter\junit-jupiter\5.7.2\junit-jupiter-5.7.2.jar;D:\mavenJar\org\junit\jupiter\junit-jupiter-api\5.7.2\junit-jupiter-api-5.7.2.jar;D:\mavenJar\org\apiguardian\apiguardian-api\1.1.0\apiguardian-api-1.1.0.jar;D:\mavenJar\org\opentest4j\opentest4j\1.2.0\opentest4j-1.2.0.jar;D:\mavenJar\org\junit\platform\junit-platform-commons\1.7.2\junit-platform-commons-1.7.2.jar;D:\mavenJar\org\junit\jupiter\junit-jupiter-params\5.7.2\junit-jupiter-params-5.7.2.jar;D:\mavenJar\org\junit\jupiter\junit-jupiter-engine\5.7.2\junit-jupiter-engine-5.7.2.jar;D:\mavenJar\org\junit\platform\junit-platform-engine\1.7.2\junit-platform-engine-1.7.2.jar;D:\mavenJar\org\mockito\mockito-core\3.9.0\mockito-core-3.9.0.jar;D:\mavenJar\net\bytebuddy\byte-buddy\1.10.22\byte-buddy-1.10.22.jar;D:\mavenJar\net\bytebuddy\byte-buddy-agent\1.10.22\byte-buddy-agent-1.10.22.jar;D:\mavenJar\org\objenesis\objenesis\3.2\objenesis-3.2.jar;D:\mavenJar\org\mockito\mockito-junit-jupiter\3.9.0\mockito-junit-jupiter-3.9.0.jar;D:\mavenJar\org\skyscreamer\jsonassert\1.5.0\jsonassert-1.5.0.jar;D:\mavenJar\com\vaadin\external\google\android-json\0.0.20131108.vaadin1\android-json-0.0.20131108.vaadin1.jar;D:\mavenJar\org\springframework\spring-core\5.3.7\spring-core-5.3.7.jar;D:\mavenJar\org\springframework\spring-jcl\5.3.7\spring-jcl-5.3.7.jar;D:\mavenJar\org\springframework\spring-test\5.3.7\spring-test-5.3.7.jar;D:\mavenJar\org\xmlunit\xmlunit-core\2.8.2\xmlunit-core-2.8.2.jar;D:\mavenJar\org\apache\commons\commons-lang3\3.12.0\commons-lang3-3.12.0.jar;"/>
    <property name="java.vm.vendor" value="Oracle Corporation"/>
    <property name="sun.arch.data.model" value="64"/>
    <property name="user.variant" value=""/>
    <property name="java.vendor.url" value="http://java.oracle.com/"/>
    <property name="user.timezone" value="Asia/Shanghai"/>
    <property name="java.vm.specification.version" value="1.8"/>
    <property name="os.name" value="Windows 10"/>
    <property name="user.country" value="CN"/>
    <property name="sun.java.launcher" value="SUN_STANDARD"/>
    <property name="sun.boot.library.path" value="C:\Program Files\Java\jdk1.8.0_181\jre\bin"/>
    <property name="sun.java.command" value="C:\Users\yangz\AppData\Local\Temp\surefire6698143034713274775\surefirebooter1804408710333460176.jar C:\Users\yangz\AppData\Local\Temp\surefire6698143034713274775 2024-09-01T10-46-36_920-jvmRun1 surefire1957223565327632054tmp surefire_07169700825940954651tmp"/>
    <property name="surefire.test.class.path" value="D:\jdk8\user_center_backend\user_center\target\test-classes;D:\jdk8\user_center_backend\user_center\target\classes;D:\mavenJar\org\springframework\boot\spring-boot-starter-web\2.5.0\spring-boot-starter-web-2.5.0.jar;D:\mavenJar\org\springframework\boot\spring-boot-starter\2.5.0\spring-boot-starter-2.5.0.jar;D:\mavenJar\org\springframework\boot\spring-boot\2.5.0\spring-boot-2.5.0.jar;D:\mavenJar\org\springframework\boot\spring-boot-starter-logging\2.5.0\spring-boot-starter-logging-2.5.0.jar;D:\mavenJar\ch\qos\logback\logback-classic\1.2.3\logback-classic-1.2.3.jar;D:\mavenJar\ch\qos\logback\logback-core\1.2.3\logback-core-1.2.3.jar;D:\mavenJar\org\apache\logging\log4j\log4j-to-slf4j\2.14.1\log4j-to-slf4j-2.14.1.jar;D:\mavenJar\org\apache\logging\log4j\log4j-api\2.14.1\log4j-api-2.14.1.jar;D:\mavenJar\org\slf4j\jul-to-slf4j\1.7.30\jul-to-slf4j-1.7.30.jar;D:\mavenJar\jakarta\annotation\jakarta.annotation-api\1.3.5\jakarta.annotation-api-1.3.5.jar;D:\mavenJar\org\yaml\snakeyaml\1.28\snakeyaml-1.28.jar;D:\mavenJar\org\springframework\boot\spring-boot-starter-json\2.5.0\spring-boot-starter-json-2.5.0.jar;D:\mavenJar\com\fasterxml\jackson\core\jackson-databind\2.12.3\jackson-databind-2.12.3.jar;D:\mavenJar\com\fasterxml\jackson\core\jackson-annotations\2.12.3\jackson-annotations-2.12.3.jar;D:\mavenJar\com\fasterxml\jackson\core\jackson-core\2.12.3\jackson-core-2.12.3.jar;D:\mavenJar\com\fasterxml\jackson\datatype\jackson-datatype-jdk8\2.12.3\jackson-datatype-jdk8-2.12.3.jar;D:\mavenJar\com\fasterxml\jackson\datatype\jackson-datatype-jsr310\2.12.3\jackson-datatype-jsr310-2.12.3.jar;D:\mavenJar\com\fasterxml\jackson\module\jackson-module-parameter-names\2.12.3\jackson-module-parameter-names-2.12.3.jar;D:\mavenJar\org\springframework\boot\spring-boot-starter-tomcat\2.5.0\spring-boot-starter-tomcat-2.5.0.jar;D:\mavenJar\org\apache\tomcat\embed\tomcat-embed-core\9.0.46\tomcat-embed-core-9.0.46.jar;D:\mavenJar\org\apache\tomcat\embed\tomcat-embed-el\9.0.46\tomcat-embed-el-9.0.46.jar;D:\mavenJar\org\apache\tomcat\embed\tomcat-embed-websocket\9.0.46\tomcat-embed-websocket-9.0.46.jar;D:\mavenJar\org\springframework\spring-web\5.3.7\spring-web-5.3.7.jar;D:\mavenJar\org\springframework\spring-beans\5.3.7\spring-beans-5.3.7.jar;D:\mavenJar\org\springframework\spring-webmvc\5.3.7\spring-webmvc-5.3.7.jar;D:\mavenJar\org\springframework\spring-aop\5.3.7\spring-aop-5.3.7.jar;D:\mavenJar\org\springframework\spring-context\5.3.7\spring-context-5.3.7.jar;D:\mavenJar\org\springframework\spring-expression\5.3.7\spring-expression-5.3.7.jar;D:\mavenJar\org\mybatis\spring\boot\mybatis-spring-boot-starter\2.2.2\mybatis-spring-boot-starter-2.2.2.jar;D:\mavenJar\org\springframework\boot\spring-boot-starter-jdbc\2.5.0\spring-boot-starter-jdbc-2.5.0.jar;D:\mavenJar\com\zaxxer\HikariCP\4.0.3\HikariCP-4.0.3.jar;D:\mavenJar\org\springframework\spring-jdbc\5.3.7\spring-jdbc-5.3.7.jar;D:\mavenJar\org\springframework\spring-tx\5.3.7\spring-tx-5.3.7.jar;D:\mavenJar\org\mybatis\spring\boot\mybatis-spring-boot-autoconfigure\2.2.2\mybatis-spring-boot-autoconfigure-2.2.2.jar;D:\mavenJar\org\mybatis\mybatis\3.5.9\mybatis-3.5.9.jar;D:\mavenJar\org\mybatis\mybatis-spring\2.0.7\mybatis-spring-2.0.7.jar;D:\mavenJar\mysql\mysql-connector-java\8.0.25\mysql-connector-java-8.0.25.jar;D:\mavenJar\org\projectlombok\lombok\1.18.20\lombok-1.18.20.jar;D:\mavenJar\com\baomidou\mybatis-plus-boot-starter\3.5.2\mybatis-plus-boot-starter-3.5.2.jar;D:\mavenJar\com\baomidou\mybatis-plus\3.5.2\mybatis-plus-3.5.2.jar;D:\mavenJar\com\baomidou\mybatis-plus-extension\3.5.2\mybatis-plus-extension-3.5.2.jar;D:\mavenJar\com\baomidou\mybatis-plus-core\3.5.2\mybatis-plus-core-3.5.2.jar;D:\mavenJar\com\baomidou\mybatis-plus-annotation\3.5.2\mybatis-plus-annotation-3.5.2.jar;D:\mavenJar\com\github\jsqlparser\jsqlparser\4.4\jsqlparser-4.4.jar;D:\mavenJar\org\jetbrains\kotlin\kotlin-stdlib-jdk8\1.5.0\kotlin-stdlib-jdk8-1.5.0.jar;D:\mavenJar\org\jetbrains\kotlin\kotlin-stdlib\1.5.0\kotlin-stdlib-1.5.0.jar;D:\mavenJar\org\jetbrains\annotations\13.0\annotations-13.0.jar;D:\mavenJar\org\jetbrains\kotlin\kotlin-stdlib-common\1.5.0\kotlin-stdlib-common-1.5.0.jar;D:\mavenJar\org\jetbrains\kotlin\kotlin-stdlib-jdk7\1.5.0\kotlin-stdlib-jdk7-1.5.0.jar;D:\mavenJar\org\springframework\boot\spring-boot-autoconfigure\2.5.0\spring-boot-autoconfigure-2.5.0.jar;D:\mavenJar\org\springframework\boot\spring-boot-starter-test\2.5.0\spring-boot-starter-test-2.5.0.jar;D:\mavenJar\org\springframework\boot\spring-boot-test\2.5.0\spring-boot-test-2.5.0.jar;D:\mavenJar\org\springframework\boot\spring-boot-test-autoconfigure\2.5.0\spring-boot-test-autoconfigure-2.5.0.jar;D:\mavenJar\com\jayway\jsonpath\json-path\2.5.0\json-path-2.5.0.jar;D:\mavenJar\net\minidev\json-smart\2.4.7\json-smart-2.4.7.jar;D:\mavenJar\net\minidev\accessors-smart\2.4.7\accessors-smart-2.4.7.jar;D:\mavenJar\org\ow2\asm\asm\9.1\asm-9.1.jar;D:\mavenJar\org\slf4j\slf4j-api\1.7.30\slf4j-api-1.7.30.jar;D:\mavenJar\jakarta\xml\bind\jakarta.xml.bind-api\2.3.3\jakarta.xml.bind-api-2.3.3.jar;D:\mavenJar\jakarta\activation\jakarta.activation-api\1.2.2\jakarta.activation-api-1.2.2.jar;D:\mavenJar\org\assertj\assertj-core\3.19.0\assertj-core-3.19.0.jar;D:\mavenJar\org\hamcrest\hamcrest\2.2\hamcrest-2.2.jar;D:\mavenJar\org\junit\jupiter\junit-jupiter\5.7.2\junit-jupiter-5.7.2.jar;D:\mavenJar\org\junit\jupiter\junit-jupiter-api\5.7.2\junit-jupiter-api-5.7.2.jar;D:\mavenJar\org\apiguardian\apiguardian-api\1.1.0\apiguardian-api-1.1.0.jar;D:\mavenJar\org\opentest4j\opentest4j\1.2.0\opentest4j-1.2.0.jar;D:\mavenJar\org\junit\platform\junit-platform-commons\1.7.2\junit-platform-commons-1.7.2.jar;D:\mavenJar\org\junit\jupiter\junit-jupiter-params\5.7.2\junit-jupiter-params-5.7.2.jar;D:\mavenJar\org\junit\jupiter\junit-jupiter-engine\5.7.2\junit-jupiter-engine-5.7.2.jar;D:\mavenJar\org\junit\platform\junit-platform-engine\1.7.2\junit-platform-engine-1.7.2.jar;D:\mavenJar\org\mockito\mockito-core\3.9.0\mockito-core-3.9.0.jar;D:\mavenJar\net\bytebuddy\byte-buddy\1.10.22\byte-buddy-1.10.22.jar;D:\mavenJar\net\bytebuddy\byte-buddy-agent\1.10.22\byte-buddy-agent-1.10.22.jar;D:\mavenJar\org\objenesis\objenesis\3.2\objenesis-3.2.jar;D:\mavenJar\org\mockito\mockito-junit-jupiter\3.9.0\mockito-junit-jupiter-3.9.0.jar;D:\mavenJar\org\skyscreamer\jsonassert\1.5.0\jsonassert-1.5.0.jar;D:\mavenJar\com\vaadin\external\google\android-json\0.0.20131108.vaadin1\android-json-0.0.20131108.vaadin1.jar;D:\mavenJar\org\springframework\spring-core\5.3.7\spring-core-5.3.7.jar;D:\mavenJar\org\springframework\spring-jcl\5.3.7\spring-jcl-5.3.7.jar;D:\mavenJar\org\springframework\spring-test\5.3.7\spring-test-5.3.7.jar;D:\mavenJar\org\xmlunit\xmlunit-core\2.8.2\xmlunit-core-2.8.2.jar;D:\mavenJar\org\apache\commons\commons-lang3\3.12.0\commons-lang3-3.12.0.jar;"/>
    <property name="sun.cpu.endian" value="little"/>
    <property name="user.home" value="C:\Users\yangz"/>
    <property name="user.language" value="zh"/>
    <property name="java.specification.vendor" value="Oracle Corporation"/>
    <property name="java.home" value="C:\Program Files\Java\jdk1.8.0_181\jre"/>
    <property name="basedir" value="D:\jdk8\user_center_backend\user_center"/>
    <property name="file.separator" value="\"/>
    <property name="line.separator" value="&#10;"/>
    <property name="java.vm.specification.vendor" value="Oracle Corporation"/>
    <property name="java.specification.name" value="Java Platform API Specification"/>
    <property name="java.awt.graphicsenv" value="sun.awt.Win32GraphicsEnvironment"/>
    <property name="surefire.real.class.path" value="C:\Users\yangz\AppData\Local\Temp\surefire6698143034713274775\surefirebooter1804408710333460176.jar"/>
    <property name="sun.boot.class.path" value="C:\Program Files\Java\jdk1.8.0_181\jre\lib\resources.jar;C:\Program Files\Java\jdk1.8.0_181\jre\lib\rt.jar;C:\Program Files\Java\jdk1.8.0_181\jre\lib\sunrsasign.jar;C:\Program Files\Java\jdk1.8.0_181\jre\lib\jsse.jar;C:\Program Files\Java\jdk1.8.0_181\jre\lib\jce.jar;C:\Program Files\Java\jdk1.8.0_181\jre\lib\charsets.jar;C:\Program Files\Java\jdk1.8.0_181\jre\lib\jfr.jar;C:\Program Files\Java\jdk1.8.0_181\jre\classes"/>
    <property name="user.script" value=""/>
    <property name="sun.management.compiler" value="HotSpot 64-Bit Tiered Compilers"/>
    <property name="java.runtime.version" value="1.8.0_181-b13"/>
    <property name="user.name" value="yangz"/>
    <property name="path.separator" value=";"/>
    <property name="os.version" value="10.0"/>
    <property name="java.endorsed.dirs" value="C:\Program Files\Java\jdk1.8.0_181\jre\lib\endorsed"/>
    <property name="java.runtime.name" value="Java(TM) SE Runtime Environment"/>
    <property name="file.encoding" value="GBK"/>
    <property name="java.vm.name" value="Java HotSpot(TM) 64-Bit Server VM"/>
    <property name="localRepository" value="D:\mavenJar"/>
    <property name="java.vendor.url.bug" value="http://bugreport.sun.com/bugreport/"/>
    <property name="java.io.tmpdir" value="C:\Users\yangz\AppData\Local\Temp\"/>
    <property name="idea.version" value="2021.2.2"/>
    <property name="java.version" value="1.8.0_181"/>
    <property name="user.dir" value="D:\jdk8\user_center_backend\user_center"/>
    <property name="os.arch" value="amd64"/>
    <property name="java.vm.specification.name" value="Java Virtual Machine Specification"/>
    <property name="java.awt.printerjob" value="sun.awt.windows.WPrinterJob"/>
    <property name="sun.os.patch.level" value=""/>
    <property name="java.library.path" value="C:\Program Files\Java\jdk1.8.0_181\jre\bin;C:\WINDOWS\Sun\Java\bin;C:\WINDOWS\system32;C:\WINDOWS;C:\Program Files (x86)\VMware\VMware Workstation\bin\;C:\Windows\system32;C:\Windows;C:\Windows\System32\Wbem;C:\Windows\System32\WindowsPowerShell\v1.0\;C:\Windows\System32\OpenSSH\;C:\Program Files (x86)\NVIDIA Corporation\PhysX\Common;C:\WINDOWS\system32;C:\WINDOWS;C:\WINDOWS\System32\Wbem;C:\WINDOWS\System32\WindowsPowerShell\v1.0\;C:\WINDOWS\System32\OpenSSH\;D:\vscode\mingw64;C:\Program Files\TortoiseGit\bin;D:\Tencent\QQ\Bin;C:\Program Files\Java\jdk-17\bin;C:\Program Files\NVIDIA Corporation\NVIDIA NvDLISR;D:\apache\apache-maven-3.6.3\bin;D:\apache-tomcat-8.5.95\bin\;C:\Program Files\Java\jdk1.8.0_181\bin;D:\redis;G:\nodejs\node_modules;D:\mysql-8.0.27-winx64;%MYSQL_HOME\bin%;C:\MinGW\bin;D:\weichatdeveloper\微信web开发者工具\dll;%NVM_H;ME%;G:\nodejs;G:\nodejs\node_global\node_modules\yarn\bin;C:\Program Files\Git\cmd;D:\python\Scripts\;D:\python\;C:\Users\yangz\AppData\Local\Microsoft\WindowsApps;E:\Microsoft VS Code\bin;D:\nodeJs\node_global;D:\CLion 2024.1.1\bin;;G:\nvm;G:\nodejs;G:\PyCharm Community Edition 2024.1.2\bin;;G:\PyCharm 2024.1.2\bin;;G:\IntelliJ IDEA 2022.1.4\bin;;G:\WebStorm 2022.2.5\bin;;G:\JetBrains Gateway 2024.2\bin;;."/>
    <property name="java.vm.info" value="mixed mode"/>
    <property name="java.vendor" value="Oracle Corporation"/>
    <property name="java.vm.version" value="25.181-b13"/>
    <property name="java.ext.dirs" value="C:\Program Files\Java\jdk1.8.0_181\jre\lib\ext;C:\WINDOWS\Sun\Java\lib\ext"/>
    <property name="sun.io.unicode.encoding" value="UnicodeLittle"/>
    <property name="maven.repo.local" value="D:\mavenJar"/>
    <property name="java.class.version" value="52.0"/>
  </properties>
  <testcase name="userRegisterTest01" classname="com.yupi.usercenter.service.UserServiceTest" time="0.26"/>
  <testcase name="test01" classname="com.yupi.usercenter.service.UserServiceTest" time="1.947"/>
  <testcase name="userRegisterTest" classname="com.yupi.usercenter.service.UserServiceTest" time="0.028">
    <error message="请求参数错误" type="com.yupi.usercenter.exception.BussinessException">com.yupi.usercenter.exception.BussinessException: 请求参数错误
	at com.yupi.usercenter.service.UserServiceTest.userRegisterTest(UserServiceTest.java:45)
</error>
  </testcase>
</testsuite>